[2024-05-03 13:01:30]--[src_cgi/login_cgi.c:288]--buf = {
    "pwd": "250cf8b51c773f3f8dc8b4be867a9a02",
    "user": "sds"
}

[2024-05-03 13:01:30]--[src_cgi/login_cgi.c:294]--user = sds, pwd = 250cf8b51c773f3f8dc8b4be867a9a02
[2024-05-03 13:01:30]--[src_cgi/login_cgi.c:101]--mysql_user = szy, mysql_pwd = szy123456, mysql_db = cloud_disk
[2024-05-03 13:01:30]--[src_cgi/login_cgi.c:161]--redis:[ip=127.0.0.1,port=6379]
[2024-05-03 13:01:30]--[src_cgi/login_cgi.c:185]--tmp = sds395575188246
[2024-05-03 13:01:30]--[src_cgi/login_cgi.c:201]--base64 = Ce7zWgacJflMlQvHHNcoRA==
[2024-05-03 13:01:30]--[src_cgi/login_cgi.c:303]--token = 0b7c956aaf1c1775c51457b5e27840f5
[2024-05-03 13:27:35]--[src_cgi/login_cgi.c:288]--buf = {
    "pwd": "250cf8b51c773f3f8dc8b4be867a9a02",
    "user": "sds"
}

[2024-05-03 13:27:35]--[src_cgi/login_cgi.c:294]--user = sds, pwd = 250cf8b51c773f3f8dc8b4be867a9a02
[2024-05-03 13:27:35]--[src_cgi/login_cgi.c:101]--mysql_user = szy, mysql_pwd = szy123456, mysql_db = cloud_disk
[2024-05-03 13:27:35]--[src_cgi/login_cgi.c:161]--redis:[ip=127.0.0.1,port=6379]
[2024-05-03 13:27:35]--[src_cgi/login_cgi.c:185]--tmp = sds68566559116
[2024-05-03 13:27:35]--[src_cgi/login_cgi.c:201]--base64 = uTN6sN8aDnt9Maqvu9QhNQ==
[2024-05-03 13:27:35]--[src_cgi/login_cgi.c:303]--token = 8f95629e533a335697e3bd36f3e0c75f
[2024-05-03 13:29:33]--[src_cgi/login_cgi.c:288]--buf = {
    "pwd": "250cf8b51c773f3f8dc8b4be867a9a02",
    "user": "sds"
}

[2024-05-03 13:29:33]--[src_cgi/login_cgi.c:294]--user = sds, pwd = 250cf8b51c773f3f8dc8b4be867a9a02
[2024-05-03 13:29:33]--[src_cgi/login_cgi.c:101]--mysql_user = szy, mysql_pwd = szy123456, mysql_db = cloud_disk
[2024-05-03 13:29:33]--[src_cgi/login_cgi.c:161]--redis:[ip=127.0.0.1,port=6379]
[2024-05-03 13:29:33]--[src_cgi/login_cgi.c:185]--tmp = sds9649582871
[2024-05-03 13:29:33]--[src_cgi/login_cgi.c:201]--base64 = QEajpz7JgOHIKc5zDNd2og==
[2024-05-03 13:29:33]--[src_cgi/login_cgi.c:303]--token = f725a908a89ee8c35d5bc0f631007825
[2024-05-03 13:30:22]--[src_cgi/login_cgi.c:288]--buf = {
    "pwd": "250cf8b51c773f3f8dc8b4be867a9a02",
    "user": "sds"
}

[2024-05-03 13:30:22]--[src_cgi/login_cgi.c:294]--user = sds, pwd = 250cf8b51c773f3f8dc8b4be867a9a02
[2024-05-03 13:30:22]--[src_cgi/login_cgi.c:101]--mysql_user = szy, mysql_pwd = szy123456, mysql_db = cloud_disk
[2024-05-03 13:30:22]--[src_cgi/login_cgi.c:161]--redis:[ip=127.0.0.1,port=6379]
[2024-05-03 13:30:22]--[src_cgi/login_cgi.c:185]--tmp = sds676118407684
[2024-05-03 13:30:22]--[src_cgi/login_cgi.c:201]--base64 = o1b6t728ogzp5cIqErXHuw==
[2024-05-03 13:30:22]--[src_cgi/login_cgi.c:303]--token = 4173f1a334375241fb122289659129ad
[2024-05-03 13:57:13]--[src_cgi/login_cgi.c:288]--buf = {
    "pwd": "250cf8b51c773f3f8dc8b4be867a9a02",
    "user": "sds"
}

[2024-05-03 13:57:13]--[src_cgi/login_cgi.c:294]--user = sds, pwd = 250cf8b51c773f3f8dc8b4be867a9a02
[2024-05-03 13:57:13]--[src_cgi/login_cgi.c:101]--mysql_user = szy, mysql_pwd = szy123456, mysql_db = cloud_disk
[2024-05-03 13:57:13]--[src_cgi/login_cgi.c:161]--redis:[ip=127.0.0.1,port=6379]
[2024-05-03 13:57:13]--[src_cgi/login_cgi.c:185]--tmp = sds3163803457
[2024-05-03 13:57:13]--[src_cgi/login_cgi.c:201]--base64 = 3FavI3JPhBMM1VQAARvLqQ==
[2024-05-03 13:57:13]--[src_cgi/login_cgi.c:303]--token = 639877b4a7238d18555ec7ac67fc7848
[2024-05-03 13:57:26]--[src_cgi/login_cgi.c:288]--buf = {
    "pwd": "202cb962ac59075b964b07152d234b70",
    "user": "lxp"
}

[2024-05-03 13:57:26]--[src_cgi/login_cgi.c:294]--user = lxp, pwd = 202cb962ac59075b964b07152d234b70
[2024-05-03 13:57:26]--[src_cgi/login_cgi.c:101]--mysql_user = szy, mysql_pwd = szy123456, mysql_db = cloud_disk
[2024-05-03 13:57:26]--[src_cgi/login_cgi.c:161]--redis:[ip=127.0.0.1,port=6379]
[2024-05-03 13:57:26]--[src_cgi/login_cgi.c:185]--tmp = lxp850899179267
[2024-05-03 13:57:26]--[src_cgi/login_cgi.c:201]--base64 = Y/iTIHTj93VRXa4yn8Hh7w==
[2024-05-03 13:57:26]--[src_cgi/login_cgi.c:303]--token = add96fc0791c35eb95502f20c04ded59
[2024-05-03 13:58:58]--[src_cgi/login_cgi.c:288]--buf = {
    "pwd": "250cf8b51c773f3f8dc8b4be867a9a02",
    "user": "sds"
}

[2024-05-03 13:58:58]--[src_cgi/login_cgi.c:294]--user = sds, pwd = 250cf8b51c773f3f8dc8b4be867a9a02
[2024-05-03 13:58:58]--[src_cgi/login_cgi.c:101]--mysql_user = szy, mysql_pwd = szy123456, mysql_db = cloud_disk
[2024-05-03 13:58:58]--[src_cgi/login_cgi.c:161]--redis:[ip=127.0.0.1,port=6379]
[2024-05-03 13:58:58]--[src_cgi/login_cgi.c:185]--tmp = sds36463379021
[2024-05-03 13:58:58]--[src_cgi/login_cgi.c:201]--base64 = bTQui/UBvUe3YBFgOE26Cw==
[2024-05-03 13:58:58]--[src_cgi/login_cgi.c:303]--token = 4f42222388f9072cec4944e463ba250b
[2024-05-03 13:59:03]--[src_cgi/login_cgi.c:288]--buf = {
    "pwd": "250cf8b51c773f3f8dc8b4be867a9a02",
    "user": "sds"
}

[2024-05-03 13:59:03]--[src_cgi/login_cgi.c:294]--user = sds, pwd = 250cf8b51c773f3f8dc8b4be867a9a02
[2024-05-03 13:59:03]--[src_cgi/login_cgi.c:101]--mysql_user = szy, mysql_pwd = szy123456, mysql_db = cloud_disk
[2024-05-03 13:59:03]--[src_cgi/login_cgi.c:161]--redis:[ip=127.0.0.1,port=6379]
[2024-05-03 13:59:03]--[src_cgi/login_cgi.c:185]--tmp = sds90760390783
[2024-05-03 13:59:03]--[src_cgi/login_cgi.c:201]--base64 = x4FBn/Sf/uunzACOjcI4+g==
[2024-05-03 13:59:03]--[src_cgi/login_cgi.c:303]--token = a0f557df751cfae4bb82a66312af4995
[2024-05-03 14:02:37]--[src_cgi/login_cgi.c:288]--buf = {
    "pwd": "250cf8b51c773f3f8dc8b4be867a9a02",
    "user": "sds"
}

[2024-05-03 14:02:37]--[src_cgi/login_cgi.c:294]--user = sds, pwd = 250cf8b51c773f3f8dc8b4be867a9a02
[2024-05-03 14:02:37]--[src_cgi/login_cgi.c:101]--mysql_user = szy, mysql_pwd = szy123456, mysql_db = cloud_disk
[2024-05-03 14:02:37]--[src_cgi/login_cgi.c:161]--redis:[ip=127.0.0.1,port=6379]
[2024-05-03 14:02:37]--[src_cgi/login_cgi.c:185]--tmp = sds815107694289
[2024-05-03 14:02:37]--[src_cgi/login_cgi.c:201]--base64 = 7NHNThTEXO7c8SJXfwLMvA==
[2024-05-03 14:02:37]--[src_cgi/login_cgi.c:303]--token = 87b0f68a6337a1e24f788fc0fb307a8e
[2024-05-03 14:06:32]--[src_cgi/login_cgi.c:288]--buf = {
    "pwd": "250cf8b51c773f3f8dc8b4be867a9a02",
    "user": "sds"
}

[2024-05-03 14:06:32]--[src_cgi/login_cgi.c:294]--user = sds, pwd = 250cf8b51c773f3f8dc8b4be867a9a02
[2024-05-03 14:06:32]--[src_cgi/login_cgi.c:101]--mysql_user = szy, mysql_pwd = szy123456, mysql_db = cloud_disk
[2024-05-03 14:06:32]--[src_cgi/login_cgi.c:161]--redis:[ip=127.0.0.1,port=6379]
[2024-05-03 14:06:32]--[src_cgi/login_cgi.c:185]--tmp = sds689200545
[2024-05-03 14:06:32]--[src_cgi/login_cgi.c:201]--base64 = hvuA6nS3LZiHcfNg7O+MhA==
[2024-05-03 14:06:32]--[src_cgi/login_cgi.c:303]--token = 116ba4bcfb7fd7ed9cb5af16c30b2466
[2024-05-03 14:11:56]--[src_cgi/login_cgi.c:288]--buf = {
    "pwd": "250cf8b51c773f3f8dc8b4be867a9a02",
    "user": "sds"
}

[2024-05-03 14:11:56]--[src_cgi/login_cgi.c:294]--user = sds, pwd = 250cf8b51c773f3f8dc8b4be867a9a02
[2024-05-03 14:11:56]--[src_cgi/login_cgi.c:101]--mysql_user = szy, mysql_pwd = szy123456, mysql_db = cloud_disk
[2024-05-03 14:11:56]--[src_cgi/login_cgi.c:161]--redis:[ip=127.0.0.1,port=6379]
[2024-05-03 14:11:56]--[src_cgi/login_cgi.c:185]--tmp = sds53998714642
[2024-05-03 14:11:56]--[src_cgi/login_cgi.c:201]--base64 = LKq9ZdtBdwZ/I6mBwVs2hw==
[2024-05-03 14:11:56]--[src_cgi/login_cgi.c:303]--token = 4a95334f6098bcbc3aa19d169d31a996
[2024-05-03 14:17:08]--[src_cgi/login_cgi.c:288]--buf = {
    "pwd": "250cf8b51c773f3f8dc8b4be867a9a02",
    "user": "sds"
}

[2024-05-03 14:17:08]--[src_cgi/login_cgi.c:294]--user = sds, pwd = 250cf8b51c773f3f8dc8b4be867a9a02
[2024-05-03 14:17:08]--[src_cgi/login_cgi.c:101]--mysql_user = szy, mysql_pwd = szy123456, mysql_db = cloud_disk
[2024-05-03 14:17:08]--[src_cgi/login_cgi.c:161]--redis:[ip=127.0.0.1,port=6379]
[2024-05-03 14:17:08]--[src_cgi/login_cgi.c:185]--tmp = sds932905205838
[2024-05-03 14:17:08]--[src_cgi/login_cgi.c:201]--base64 = YsDn+cDnJmPlFFdGSmEUMg==
[2024-05-03 14:17:08]--[src_cgi/login_cgi.c:303]--token = a7856f75fb95849a2e9d745b4a40c024
[2024-05-03 14:22:27]--[src_cgi/login_cgi.c:288]--buf = {
    "pwd": "250cf8b51c773f3f8dc8b4be867a9a02",
    "user": "sds"
}

[2024-05-03 14:22:27]--[src_cgi/login_cgi.c:294]--user = sds, pwd = 250cf8b51c773f3f8dc8b4be867a9a02
[2024-05-03 14:22:27]--[src_cgi/login_cgi.c:101]--mysql_user = szy, mysql_pwd = szy123456, mysql_db = cloud_disk
[2024-05-03 14:22:27]--[src_cgi/login_cgi.c:161]--redis:[ip=127.0.0.1,port=6379]
[2024-05-03 14:22:27]--[src_cgi/login_cgi.c:185]--tmp = sds403655672854
[2024-05-03 14:22:27]--[src_cgi/login_cgi.c:201]--base64 = J2OBkiGnulAN72J5FR9HJw==
[2024-05-03 14:22:27]--[src_cgi/login_cgi.c:303]--token = 14ec57b96c30ba0f3c2950bc87e240e7
[2024-05-03 14:23:27]--[src_cgi/login_cgi.c:288]--buf = {
    "pwd": "250cf8b51c773f3f8dc8b4be867a9a02",
    "user": "sds"
}

[2024-05-03 14:23:27]--[src_cgi/login_cgi.c:294]--user = sds, pwd = 250cf8b51c773f3f8dc8b4be867a9a02
[2024-05-03 14:23:27]--[src_cgi/login_cgi.c:101]--mysql_user = szy, mysql_pwd = szy123456, mysql_db = cloud_disk
[2024-05-03 14:23:27]--[src_cgi/login_cgi.c:161]--redis:[ip=127.0.0.1,port=6379]
[2024-05-03 14:23:27]--[src_cgi/login_cgi.c:185]--tmp = sds16945457902
[2024-05-03 14:23:27]--[src_cgi/login_cgi.c:201]--base64 = m+PyUABVpFOmdJM9ZYWSgw==
[2024-05-03 14:23:27]--[src_cgi/login_cgi.c:303]--token = 447b963f1c5aa62bcf3207e3bb95c053
[2024-05-03 14:24:35]--[src_cgi/login_cgi.c:288]--buf = {
    "pwd": "250cf8b51c773f3f8dc8b4be867a9a02",
    "user": "sds"
}

[2024-05-03 14:24:35]--[src_cgi/login_cgi.c:294]--user = sds, pwd = 250cf8b51c773f3f8dc8b4be867a9a02
[2024-05-03 14:24:35]--[src_cgi/login_cgi.c:101]--mysql_user = szy, mysql_pwd = szy123456, mysql_db = cloud_disk
[2024-05-03 14:24:35]--[src_cgi/login_cgi.c:161]--redis:[ip=127.0.0.1,port=6379]
[2024-05-03 14:24:35]--[src_cgi/login_cgi.c:185]--tmp = sds655999583371
[2024-05-03 14:24:35]--[src_cgi/login_cgi.c:201]--base64 = 8AoZGsFOXQQ8K5J+cMPu9A==
[2024-05-03 14:24:35]--[src_cgi/login_cgi.c:303]--token = e13a2c697de77263503cab5dcb9cf676
[2024-05-03 14:38:08]--[src_cgi/login_cgi.c:288]--buf = {
    "pwd": "250cf8b51c773f3f8dc8b4be867a9a02",
    "user": "sds"
}

[2024-05-03 14:38:08]--[src_cgi/login_cgi.c:294]--user = sds, pwd = 250cf8b51c773f3f8dc8b4be867a9a02
[2024-05-03 14:38:08]--[src_cgi/login_cgi.c:101]--mysql_user = szy, mysql_pwd = szy123456, mysql_db = cloud_disk
[2024-05-03 14:38:08]--[src_cgi/login_cgi.c:161]--redis:[ip=127.0.0.1,port=6379]
[2024-05-03 14:38:08]--[src_cgi/login_cgi.c:185]--tmp = sds325194281107
[2024-05-03 14:38:08]--[src_cgi/login_cgi.c:201]--base64 = 2RvDEo9g1ssJ6Sd2VPFE/A==
[2024-05-03 14:38:08]--[src_cgi/login_cgi.c:303]--token = 3c50e56596352b5312e5f74487e270ce
[2024-05-03 14:59:28]--[src_cgi/login_cgi.c:288]--buf = {
    "pwd": "250cf8b51c773f3f8dc8b4be867a9a02",
    "user": "sds"
}

[2024-05-03 14:59:28]--[src_cgi/login_cgi.c:294]--user = sds, pwd = 250cf8b51c773f3f8dc8b4be867a9a02
[2024-05-03 14:59:28]--[src_cgi/login_cgi.c:101]--mysql_user = szy, mysql_pwd = szy123456, mysql_db = cloud_disk
[2024-05-03 14:59:28]--[src_cgi/login_cgi.c:161]--redis:[ip=127.0.0.1,port=6379]
[2024-05-03 14:59:28]--[src_cgi/login_cgi.c:185]--tmp = sds61589148980
[2024-05-03 14:59:28]--[src_cgi/login_cgi.c:201]--base64 = YmiKKW/P/gGyWzsHJpRJEQ==
[2024-05-03 14:59:28]--[src_cgi/login_cgi.c:303]--token = cf2a40aaad14ca04f26260667f9d87a3
[2024-05-03 15:49:24]--[src_cgi/login_cgi.c:288]--buf = {
    "pwd": "250cf8b51c773f3f8dc8b4be867a9a02",
    "user": "sds"
}

[2024-05-03 15:49:24]--[src_cgi/login_cgi.c:294]--user = sds, pwd = 250cf8b51c773f3f8dc8b4be867a9a02
[2024-05-03 15:49:24]--[src_cgi/login_cgi.c:101]--mysql_user = szy, mysql_pwd = szy123456, mysql_db = cloud_disk
[2024-05-03 15:49:24]--[src_cgi/login_cgi.c:161]--redis:[ip=127.0.0.1,port=6379]
[2024-05-03 15:49:24]--[src_cgi/login_cgi.c:185]--tmp = sds16397165797
[2024-05-03 15:49:24]--[src_cgi/login_cgi.c:201]--base64 = uCto9oRIJaTHvA5HlApNWg==
[2024-05-03 15:49:24]--[src_cgi/login_cgi.c:303]--token = 2996817bb120ed652769eb9b199c2dc1
[2024-05-03 15:51:40]--[src_cgi/login_cgi.c:288]--buf = {
    "pwd": "250cf8b51c773f3f8dc8b4be867a9a02",
    "user": "sds"
}

[2024-05-03 15:51:40]--[src_cgi/login_cgi.c:294]--user = sds, pwd = 250cf8b51c773f3f8dc8b4be867a9a02
[2024-05-03 15:51:40]--[src_cgi/login_cgi.c:101]--mysql_user = szy, mysql_pwd = szy123456, mysql_db = cloud_disk
[2024-05-03 15:51:40]--[src_cgi/login_cgi.c:161]--redis:[ip=127.0.0.1,port=6379]
[2024-05-03 15:51:40]--[src_cgi/login_cgi.c:185]--tmp = sds951885705476
[2024-05-03 15:51:40]--[src_cgi/login_cgi.c:201]--base64 = jRLWnVSz2lgO15eP90tWrQ==
[2024-05-03 15:51:40]--[src_cgi/login_cgi.c:303]--token = e4508038bda4c562fd38ab240981f850
[2024-05-03 15:52:29]--[src_cgi/login_cgi.c:288]--buf = {
    "pwd": "250cf8b51c773f3f8dc8b4be867a9a02",
    "user": "sds"
}

[2024-05-03 15:52:29]--[src_cgi/login_cgi.c:294]--user = sds, pwd = 250cf8b51c773f3f8dc8b4be867a9a02
[2024-05-03 15:52:29]--[src_cgi/login_cgi.c:101]--mysql_user = szy, mysql_pwd = szy123456, mysql_db = cloud_disk
[2024-05-03 15:52:29]--[src_cgi/login_cgi.c:161]--redis:[ip=127.0.0.1,port=6379]
[2024-05-03 15:52:29]--[src_cgi/login_cgi.c:185]--tmp = sds942344230550
[2024-05-03 15:52:29]--[src_cgi/login_cgi.c:201]--base64 = bCkmG+xt8mBactxKlmrFPA==
[2024-05-03 15:52:29]--[src_cgi/login_cgi.c:303]--token = a1924ef1777e21eb53ed4bd49a3f3bbe
