[2024-05-03 13:59:08]--[src_cgi/md5_cgi.c:339]--buf = {
    "fileName": "lxp.txt",
    "md5": "6cffb1a0d594d9ae443ff7cd35a89752",
    "token": "a0f557df751cfae4bb82a66312af4995",
    "user": "sds"
}

[2024-05-03 13:59:08]--[src_cgi/md5_cgi.c:361]--user = sds, token = a0f557df751cfae4bb82a66312af4995, md5 = 6cffb1a0d594d9ae443ff7cd35a89752, filename = lxp.txt
[2024-05-03 14:30:16]--[src_cgi/md5_cgi.c:339]--buf = {
    "fileName": "lxp.txt",
    "md5": "d41d8cd98f00b204e9800998ecf8427e",
    "token": "e13a2c697de77263503cab5dcb9cf676",
    "user": "sds"
}

[2024-05-03 14:30:16]--[src_cgi/md5_cgi.c:361]--user = sds, token = e13a2c697de77263503cab5dcb9cf676, md5 = d41d8cd98f00b204e9800998ecf8427e, filename = lxp.txt
[2024-05-03 14:38:23]--[src_cgi/md5_cgi.c:339]--buf = {
    "fileName": "lxp.txt",
    "md5": "6cffb1a0d594d9ae443ff7cd35a89752",
    "token": "3c50e56596352b5312e5f74487e270ce",
    "user": "sds"
}

[2024-05-03 14:38:23]--[src_cgi/md5_cgi.c:361]--user = sds, token = 3c50e56596352b5312e5f74487e270ce, md5 = 6cffb1a0d594d9ae443ff7cd35a89752, filename = lxp.txt
[2024-05-03 14:59:10]--[src_cgi/md5_cgi.c:40]--mysql:[user=szy,pwd=szy123456,database=cloud_disk][2024-05-03 14:59:59]--[src_cgi/md5_cgi.c:339]--buf = {
    "fileName": "lxp.txt",
    "md5": "6cffb1a0d594d9ae443ff7cd35a89752",
    "token": "cf2a40aaad14ca04f26260667f9d87a3",
    "user": "sds"
}

[2024-05-03 14:59:59]--[src_cgi/md5_cgi.c:361]--user = sds, token = cf2a40aaad14ca04f26260667f9d87a3, md5 = 6cffb1a0d594d9ae443ff7cd35a89752, filename = lxp.txt
[2024-05-03 15:47:58]--[src_cgi/md5_cgi.c:40]--mysql:[user=szy,pwd=szy123456,database=cloud_disk][2024-05-03 15:49:32]--[src_cgi/md5_cgi.c:339]--buf = {
    "fileName": "lxp.txt",
    "md5": "6cffb1a0d594d9ae443ff7cd35a89752",
    "token": "2996817bb120ed652769eb9b199c2dc1",
    "user": "sds"
}

[2024-05-03 15:49:32]--[src_cgi/md5_cgi.c:361]--user = sds, token = 2996817bb120ed652769eb9b199c2dc1, md5 = 6cffb1a0d594d9ae443ff7cd35a89752, filename = lxp.txt
[2024-05-03 15:51:22]--[src_cgi/md5_cgi.c:40]--mysql:[user=szy,pwd=szy123456,database=cloud_disk][2024-05-03 15:51:27]--[src_cgi/md5_cgi.c:339]--buf = {
    "fileName": "lxp.txt",
    "md5": "6cffb1a0d594d9ae443ff7cd35a89752",
    "token": "2996817bb120ed652769eb9b199c2dc1",
    "user": "sds"
}

[2024-05-03 15:51:27]--[src_cgi/md5_cgi.c:361]--user = sds, token = 2996817bb120ed652769eb9b199c2dc1, md5 = 6cffb1a0d594d9ae443ff7cd35a89752, filename = lxp.txt
[2024-05-03 15:51:44]--[src_cgi/md5_cgi.c:339]--buf = {
    "fileName": "lxp.txt",
    "md5": "6cffb1a0d594d9ae443ff7cd35a89752",
    "token": "e4508038bda4c562fd38ab240981f850",
    "user": "sds"
}

[2024-05-03 15:51:44]--[src_cgi/md5_cgi.c:361]--user = sds, token = e4508038bda4c562fd38ab240981f850, md5 = 6cffb1a0d594d9ae443ff7cd35a89752, filename = lxp.txt
[2024-05-03 15:52:18]--[src_cgi/md5_cgi.c:40]--mysql:[user=szy,pwd=szy123456,database=cloud_disk][2024-05-03 15:52:35]--[src_cgi/md5_cgi.c:339]--buf = {
    "fileName": "lxp.txt",
    "md5": "6cffb1a0d594d9ae443ff7cd35a89752",
    "token": "a1924ef1777e21eb53ed4bd49a3f3bbe",
    "user": "sds"
}

[2024-05-03 15:52:35]--[src_cgi/md5_cgi.c:361]--user = sds, token = a1924ef1777e21eb53ed4bd49a3f3bbe, md5 = 6cffb1a0d594d9ae443ff7cd35a89752, filename = lxp.txt
