[2024-05-03 13:30:23]--[src_cgi/sharefiles_cgi.c:598]--cmd = count
[2024-05-03 13:30:23]--[src_cgi/sharefiles_cgi.c:85]--line = 1
[2024-05-03 13:30:23]--[src_cgi/sharefiles_cgi.c:598]--cmd = normal
[2024-05-03 13:30:23]--[src_cgi/sharefiles_cgi.c:636]--buf = {
    "count": 1,
    "start": 0
}

[2024-05-03 13:30:23]--[src_cgi/sharefiles_cgi.c:645]--start = 0, count = 1
[2024-05-03 13:30:23]--[src_cgi/sharefiles_cgi.c:172]--select share_file_list.*, file_info.url, file_info.size, file_info.type from file_info, share_file_list where file_info.md5 = share_file_list.md5 limit 0, 1 在操作
[2024-05-03 13:30:23]--[src_cgi/sharefiles_cgi.c:292]--{
	"files":	[{
			"user":	"lxp",
			"md5":	"6cffb1a0d594d9ae443ff7cd35a89752",
			"time":	"2024-05-02 16:37:04",
			"filename":	"lxp.txt",
			"share_status":	1,
			"pv":	0,
			"url":	"",
			"size":	13,
			"type":	"txt"
		}]
}
[2024-05-03 13:30:24]--[src_cgi/sharefiles_cgi.c:598]--cmd = count
[2024-05-03 13:30:24]--[src_cgi/sharefiles_cgi.c:85]--line = 1
[2024-05-03 13:30:24]--[src_cgi/sharefiles_cgi.c:598]--cmd = pvdesc
[2024-05-03 13:30:24]--[src_cgi/sharefiles_cgi.c:636]--buf = {
    "count": 1,
    "start": 0
}

[2024-05-03 13:30:24]--[src_cgi/sharefiles_cgi.c:645]--start = 0, count = 1
[2024-05-03 13:30:24]--[src_cgi/sharefiles_cgi.c:399]--sql_num = 1, redis_num = 1
[2024-05-03 13:30:24]--[src_cgi/sharefiles_cgi.c:529]--{
	"files":	[{
			"filename":	"lxp.txt",
			"pv":	0
		}]
}
[2024-05-03 13:58:50]--[src_cgi/sharefiles_cgi.c:598]--cmd = count
[2024-05-03 13:58:50]--[src_cgi/sharefiles_cgi.c:85]--line = 0
[2024-05-03 13:58:51]--[src_cgi/sharefiles_cgi.c:598]--cmd = count
[2024-05-03 13:58:51]--[src_cgi/sharefiles_cgi.c:85]--line = 0
[2024-05-03 13:58:59]--[src_cgi/sharefiles_cgi.c:598]--cmd = count
[2024-05-03 13:58:59]--[src_cgi/sharefiles_cgi.c:85]--line = 0
[2024-05-03 13:59:00]--[src_cgi/sharefiles_cgi.c:598]--cmd = count
[2024-05-03 13:59:00]--[src_cgi/sharefiles_cgi.c:85]--line = 0
[2024-05-03 14:59:10]--[src_cgi/sharefiles_cgi.c:42]--mysql:[user=szy,pwd=szy123456,database=cloud_disk][2024-05-03 14:59:10]--[src_cgi/sharefiles_cgi.c:47]--redis:[ip=127.0.0.1,port=6379]
[2024-05-03 15:47:58]--[src_cgi/sharefiles_cgi.c:42]--mysql:[user=szy,pwd=szy123456,database=cloud_disk][2024-05-03 15:47:58]--[src_cgi/sharefiles_cgi.c:47]--redis:[ip=127.0.0.1,port=6379]
[2024-05-03 15:49:47]--[src_cgi/sharefiles_cgi.c:598]--cmd = count
[2024-05-03 15:49:47]--[src_cgi/sharefiles_cgi.c:85]--line = 0
[2024-05-03 15:49:50]--[src_cgi/sharefiles_cgi.c:598]--cmd = count
[2024-05-03 15:49:50]--[src_cgi/sharefiles_cgi.c:85]--line = 0
[2024-05-03 15:51:22]--[src_cgi/sharefiles_cgi.c:42]--mysql:[user=szy,pwd=szy123456,database=cloud_disk][2024-05-03 15:51:22]--[src_cgi/sharefiles_cgi.c:47]--redis:[ip=127.0.0.1,port=6379]
[2024-05-03 15:51:48]--[src_cgi/sharefiles_cgi.c:598]--cmd = count
[2024-05-03 15:51:48]--[src_cgi/sharefiles_cgi.c:85]--line = 0
[2024-05-03 15:52:18]--[src_cgi/sharefiles_cgi.c:42]--mysql:[user=szy,pwd=szy123456,database=cloud_disk][2024-05-03 15:52:18]--[src_cgi/sharefiles_cgi.c:47]--redis:[ip=127.0.0.1,port=6379]
